> [debug] [2026-03-19T09:18:06.624Z] Vercel CLI 50.32.5
> [debug] [2026-03-19T09:18:06.627Z] Agent/TTY/nonInteractive: isAgent=false agentName=none stdin.isTTY=true --non-interactive=false explicitFalse=false => nonInteractive=false
> [debug] [2026-03-19T09:18:06.627Z] user supplied a possible target for deployment or an extension
> [debug] [2026-03-19T09:18:06.636Z] failed to find extension command with name "vercel---prod"
> [debug] [2026-03-19T09:18:06.657Z] Setting target to production
> [debug] [2026-03-19T09:18:06.686Z] Spinner invoked (Retrieving project…) with a 1000ms delay
> [debug] [2026-03-19T09:18:06.687Z] Valid access token, skipping token refresh.
> [debug] [2026-03-19T09:18:06.710Z] #1 → GET https://api.vercel.com/teams/team_6pNZbcGEpgOTyun0Asrira3t
> [debug] [2026-03-19T09:18:06.711Z] #2 → GET https://api.vercel.com/v9/projects/prj_7dAde47s1ojaqHEzEMKmvLZaZSel?teamId=team_6pNZbcGEpgOTyun0Asrira3t
> [debug] [2026-03-19T09:18:07.525Z] #1 ← 200 OK: sfo1::lxtnt-1773911887334-b858cb346ff1 [815ms]
> [debug] [2026-03-19T09:18:07.527Z] #2 ← 200 OK: sfo1::xv9mx-1773911887334-bf46a1c43775 [816ms]
> [debug] [2026-03-19T09:18:07.556Z] Spinner invoked (Deploying getvisamate-makers-projects/pineapple-booking) with a 0ms delay
[client-debug] 2026-03-19T09:18:07.556Z Creating deployment...
[client-debug] 2026-03-19T09:18:07.556Z Provided 'path' is a directory.
[client-debug] 2026-03-19T09:18:07.557Z Found 26 rules in .vercelignore
[client-debug] 2026-03-19T09:18:07.557Z Building file tree...
[client-debug] 2026-03-19T09:18:07.561Z Found 72 files in the specified directory
[client-debug] 2026-03-19T09:18:07.570Z Yielding a 'hashes-calculated' event with 72 hashes
> [debug] [2026-03-19T09:18:07.571Z] #3 → GET https://api.vercel.com/v9/projects/pineapple-booking?teamId=team_6pNZbcGEpgOTyun0Asrira3t
> [debug] [2026-03-19T09:18:08.051Z] #3 ← 200 OK: sfo1::xvcrz-1773911887695-e5228147414e [480ms]
[client-debug] 2026-03-19T09:18:08.053Z Using provided API URL: https://api.vercel.com
[client-debug] 2026-03-19T09:18:08.055Z Using provided user agent: vercel 50.32.5 node-v20.19.6 darwin (arm64)
[client-debug] 2026-03-19T09:18:08.055Z Setting platform version to harcoded value 2
[client-debug] 2026-03-19T09:18:08.055Z Creating the deployment and starting upload...
[client-debug] 2026-03-19T09:18:08.055Z Determining necessary files for upload...
[client-debug] 2026-03-19T09:18:08.055Z Creating deployment
[client-debug] 2026-03-19T09:18:08.057Z Sending deployment creation API request
[client-debug] 2026-03-19T09:18:08.397Z Deployment response: {"error":{"code":"missing_files","message":"Missing files","missing":["53d49a60bacb9ec5ad7402ff21870c9973e9d9aa"]}}
[client-debug] 2026-03-19T09:18:08.397Z Error: Deployment request status is 400
[client-debug] 2026-03-19T09:18:08.397Z 1 files are required to upload
[client-debug] 2026-03-19T09:18:08.398Z Yielding a 'file-count' event
> [debug] [2026-03-19T09:18:08.398Z] Total files 72, 1 changed
> [debug] [2026-03-19T09:18:08.398Z] Spinner invoked (Uploading [--------------------] (0.0B/1.6KB)) with a 0ms delay
[client-debug] 2026-03-19T09:18:08.398Z Building an upload list...
[client-debug] 2026-03-19T09:18:08.398Z Starting upload
[client-debug] 2026-03-19T09:18:08.398Z POST https://api.vercel.com/v2/files?teamId=team_6pNZbcGEpgOTyun0Asrira3t
> [debug] [2026-03-19T09:18:08.399Z] Spinner invoked (Uploading [====================] (1.6KB/1.6KB)) with a 0ms delay
[client-debug] 2026-03-19T09:18:08.715Z DONE in 316ms: POST https://api.vercel.com/v2/files?teamId=team_6pNZbcGEpgOTyun0Asrira3t
[client-debug] 2026-03-19T09:18:08.715Z File 53d49a60bacb9ec5ad7402ff21870c9973e9d9aa (/Users/bhattey/Desktop/PIDS booking/pineapple-booking/vercel_out.log) uploaded
[client-debug] 2026-03-19T09:18:08.715Z Yielding a 'file-uploaded' event
> [debug] [2026-03-19T09:18:08.716Z] Uploaded: /Users/bhattey/Desktop/PIDS booking/pineapple-booking/vercel_out.log (1.57KB)
[client-debug] 2026-03-19T09:18:08.716Z All files uploaded
[client-debug] 2026-03-19T09:18:08.716Z Yielding a 'all-files-uploaded' event
[client-debug] 2026-03-19T09:18:08.716Z Starting deployment creation
[client-debug] 2026-03-19T09:18:08.716Z Creating deployment
[client-debug] 2026-03-19T09:18:08.716Z Sending deployment creation API request
[client-debug] 2026-03-19T09:18:10.215Z Deployment response: {"alias":["pineapple-booking-getvisamate-makers-projects.vercel.app","pineapple-booking-getvisamate-maker-getvisamate-makers-projects.vercel.app"],"aliasAssigned":false,"automaticAliases":["pineapple-booking-getvisamate-makers-projects.vercel.app","pineapple-booking-getvisamate-maker-getvisamate-makers-projects.vercel.app"],"bootedAt":1773911889394,"buildingAt":1773911889394,"buildSkipped":false,"createdAt":1773911889394,"creator":{"uid":"JtwAiAjtts6T3hb8xxZXafDY","username":"getvisamate-maker"},"id":"dpl_7Ex1i48cgTeaBBuvRWfKxhBYHhaX","name":"pineapple-booking","meta":{"gitCommitAuthorName":"Hitesh Bhatt","gitCommitAuthorEmail":"getvisamate@gmail.com","gitCommitMessage":"Update styling, animations and mailer config","gitCommitRef":"main","gitCommitSha":"3fd9b818180920bf67cb172fd870cb740e392363","gitDirty":"1"},"originCacheRegion":"iad1","project":{"id":"prj_7dAde47s1ojaqHEzEMKmvLZaZSel","name":"pineapple-booking","framework":"nextjs"},"public":false,"readyState":"INITIALIZING","regions":["iad1"],"source":"cli","status":"INITIALIZING","target":"production","team":{"id":"team_6pNZbcGEpgOTyun0Asrira3t","name":"getvisamate-maker's projects","slug":"getvisamate-makers-projects"},"type":"LAMBDAS","url":"pineapple-booking-gbb1ooxhq-getvisamate-makers-projects.vercel.app","version":2,"previewCommentsEnabled":true,"oidcTokenClaims":{"sub":"owner:getvisamate-makers-projects:project:pineapple-booking:environment:production","iss":"https://oidc.vercel.com/getvisamate-makers-projects","scope":"owner:getvisamate-makers-projects:project:pineapple-booking:environment:production","aud":"https://vercel.com/getvisamate-makers-projects","owner":"getvisamate-makers-projects","owner_id":"team_6pNZbcGEpgOTyun0Asrira3t","project":"pineapple-booking","project_id":"prj_7dAde47s1ojaqHEzEMKmvLZaZSel","environment":"production","plan":"hobby"},"lambdas":[{"id":"bld_gk8zhm4me","createdAt":1773911889724,"entrypoint":".","readyState":"READY","readyStateAt":1773911889724,"output":[]}],"aliasAssignedAt":null,"build":{"env":[]},"builds":[],"createdIn":"sfo1","env":[],"functions":null,"inspectorUrl":"https://vercel.com/getvisamate-makers-projects/pineapple-booking/7Ex1i48cgTeaBBuvRWfKxhBYHhaX","isInConcurrentBuildsQueue":false,"isInSystemBuildsQueue":true,"ownerId":"team_6pNZbcGEpgOTyun0Asrira3t","plan":"hobby","projectId":"prj_7dAde47s1ojaqHEzEMKmvLZaZSel","projectSettings":{"buildCommand":null,"devCommand":null,"framework":"nextjs","commandForIgnoringBuildStep":null,"installCommand":null,"outputDirectory":null,"speedInsights":{"id":"93Ru8SLNZzYN9Oe4qqgtU8bXqDB","hasData":false},"webAnalytics":{"id":"NcN8xBybnvpOkjPmEvXv2nwWq"},"nodeVersion":"24.x"},"routes":null,"config":{"version":1,"secureComputePrimaryRegion":null,"secureComputeFallbackRegion":null,"functionTimeout":300,"functionType":"fluid","functionMemoryType":"standard","isUsingActiveCPU":true,"resourceConfig":{"buildQueue":{"configuration":"SKIP_NAMESPACE_QUEUE"}}}}
[client-debug] 2026-03-19T09:18:10.215Z Deployment created
[client-debug] 2026-03-19T09:18:10.215Z Yielding a 'created' event
Inspect: https://vercel.com/getvisamate-makers-projects/pineapple-booking/7Ex1i48cgTeaBBuvRWfKxhBYHhaX [3s]
Production: https://pineapple-booking-gbb1ooxhq-getvisamate-makers-projects.vercel.app [3s]
https://pineapple-booking-gbb1ooxhq-getvisamate-makers-projects.vercel.app> [debug] [2026-03-19T09:18:10.216Z] Spinner invoked (Building...) with a 0ms delay
> [debug] [2026-03-19T09:18:10.216Z] #4 → GET https://api.vercel.com/v2/user
[client-debug] 2026-03-19T09:18:10.216Z Waiting for deployment to be ready...
[client-debug] 2026-03-19T09:18:10.216Z Waiting for builds and the deployment to complete...
> [debug] [2026-03-19T09:18:10.427Z] #4 ← 200 OK: sfo1::x4mzn-1773911890334-a5f363b8ad8c [211ms]
> [debug] [2026-03-19T09:18:10.428Z] #5 → GET https://api.vercel.com/v3/now/deployments/dpl_7Ex1i48cgTeaBBuvRWfKxhBYHhaX/events?direction=forward&follow=1&format=lines&teamId=team_6pNZbcGEpgOTyun0Asrira3t
[client-debug] 2026-03-19T09:18:12.328Z Deployment state changed to BUILDING
[client-debug] 2026-03-19T09:18:12.328Z Yielding a 'building' event
> [debug] [2026-03-19T09:18:12.328Z] Spinner invoked (Building...) with a 0ms delay
> [debug] [2026-03-19T09:18:13.787Z] #5 ← 200 OK: sfo1::zpbsg-1773911890552-697e1e35e9d0 [3.36s]
> [debug] [2026-03-19T09:18:13.788Z] Spinner invoked (Building: Running build in Washington, D.C., USA (East) – iad1) with a 0ms delay
> [debug] [2026-03-19T09:18:13.788Z] Spinner invoked (Building: Build machine configuration: 2 cores, 8 GB) with a 0ms delay
> [debug] [2026-03-19T09:18:13.788Z] Spinner invoked (Building: Retrieving list of deployment files...) with a 0ms delay
> [debug] [2026-03-19T09:18:13.788Z] Spinner invoked (Building: Downloading 72 deployment files...) with a 0ms delay
> [debug] [2026-03-19T09:18:14.829Z] Spinner invoked (Building: Restored build cache from previous deployment (8w1fM4jHKCkNv5yEFobqQ3s9WGsi)) with a 0ms delay
> [debug] [2026-03-19T09:18:14.829Z] Spinner invoked (Building: Running "vercel build") with a 0ms delay
> [debug] [2026-03-19T09:18:14.829Z] Spinner invoked (Building: Vercel CLI 50.32.4) with a 0ms delay
> [debug] [2026-03-19T09:18:16.010Z] Spinner invoked (Building: Installing dependencies...) with a 0ms delay
> [debug] [2026-03-19T09:18:17.938Z] Spinner invoked (Building: up to date in 1s) with a 0ms delay
> [debug] [2026-03-19T09:18:17.938Z] Spinner invoked (Building: 150 packages are looking for funding) with a 0ms delay
> [debug] [2026-03-19T09:18:17.938Z] Spinner invoked (Building: run `npm fund` for details) with a 0ms delay
> [debug] [2026-03-19T09:18:17.938Z] Spinner invoked (Building: Detected Next.js version: 16.1.6) with a 0ms delay
> [debug] [2026-03-19T09:18:17.938Z] Spinner invoked (Building: Running "npm run build") with a 0ms delay
> [debug] [2026-03-19T09:18:17.938Z] Spinner invoked (Building: > pineapple-booking@0.1.0 build) with a 0ms delay
> [debug] [2026-03-19T09:18:17.938Z] Spinner invoked (Building: > next build) with a 0ms delay
> [debug] [2026-03-19T09:18:19.041Z] Spinner invoked (Building: ▲ Next.js 16.1.6 (Turbopack)) with a 0ms delay
> [debug] [2026-03-19T09:18:19.042Z] Spinner invoked (Building: ⚠ The "middleware" file convention is deprecated. Please use "proxy" instead. Learn more: https://nextjs.org/docs/messages/middleware-to-proxy) with a 0ms delay
> [debug] [2026-03-19T09:18:19.042Z] Spinner invoked (Building: Creating an optimized production build ...) with a 0ms delay
[client-debug] 2026-03-19T09:18:26.083Z Yielding a 'error' event
> [debug] [2026-03-19T09:18:26.086Z] Error: Error: Command "npm run build" exited with 1
Error: Command "npm run build" exited with 1
    at Now.handleDeploymentError (file:///Users/bhattey/.nvm/versions/node/v20.19.6/lib/node_modules/vercel/dist/chunks/chunk-4S3Y3ATR.js:4719:12)
    at processDeployment (file:///Users/bhattey/.nvm/versions/node/v20.19.6/lib/node_modules/vercel/dist/chunks/chunk-4S3Y3ATR.js:4481:33)
    at process.processTicksAndRejections (node:internal/process/task_queues:95:5)
    at async Now.create (file:///Users/bhattey/.nvm/versions/node/v20.19.6/lib/node_modules/vercel/dist/chunks/chunk-4S3Y3ATR.js:4611:24)
    at async createDeploy (file:///Users/bhattey/.nvm/versions/node/v20.19.6/lib/node_modules/vercel/dist/commands/deploy/index.js:177:12)
    at async handleDefaultDeploy (file:///Users/bhattey/.nvm/versions/node/v20.19.6/lib/node_modules/vercel/dist/commands/deploy/index.js:1298:18)
    at async main (file:///Users/bhattey/.nvm/versions/node/v20.19.6/lib/node_modules/vercel/dist/index.js:24137:18)
> [debug] [2026-03-19T09:18:26.087Z] handling error: Error: Command "npm run build" exited with 1
    at Now.handleDeploymentError (file:///Users/bhattey/.nvm/versions/node/v20.19.6/lib/node_modules/vercel/dist/chunks/chunk-4S3Y3ATR.js:4719:12)
    at processDeployment (file:///Users/bhattey/.nvm/versions/node/v20.19.6/lib/node_modules/vercel/dist/chunks/chunk-4S3Y3ATR.js:4481:33)
    at process.processTicksAndRejections (node:internal/process/task_queues:95:5)
    at async Now.create (file:///Users/bhattey/.nvm/versions/node/v20.19.6/lib/node_modules/vercel/dist/chunks/chunk-4S3Y3ATR.js:4611:24)
    at async createDeploy (file:///Users/bhattey/.nvm/versions/node/v20.19.6/lib/node_modules/vercel/dist/commands/deploy/index.js:177:12)
    at async handleDefaultDeploy (file:///Users/bhattey/.nvm/versions/node/v20.19.6/lib/node_modules/vercel/dist/commands/deploy/index.js:1298:18)
    at async main (file:///Users/bhattey/.nvm/versions/node/v20.19.6/lib/node_modules/vercel/dist/index.js:24137:18)
Error: Command "npm run build" exited with 1
> [debug] [2026-03-19T09:18:26.087Z] #6 → GET https://api.vercel.com/v2/user
> [debug] [2026-03-19T09:18:26.316Z] #6 ← 200 OK: sfo1::sfzsb-1773911906230-2d9ee0791ca6 [229ms]
> [debug] [2026-03-19T09:18:27.530Z] Telemetry event tracked
> [debug] [2026-03-19T09:18:28.261Z] Telemetry subprocess exited with code 0
